building webpack for cmi-acim

> cmi-acim@0.1.0 base:prod:webpack
> webpack --mode production

Hash: [1m044b62314b0b0fb861b3[39m[22m
Version: webpack [1m4.42.1[39m[22m
Time: [1m1616[39m[22mms
Built at: 04/21/2023 [1m9:04:46 PM[39m[22m
                     [1mAsset[39m[22m      [1mSize[39m[22m  [1mChunks[39m[22m  [1m[39m[22m           [1m[39m[22m       [1mChunk Names[39m[22m
                   [1m[32mpage.js[39m[22m  9.05 KiB       [1m2[39m[22m  [1m[32m[emitted][39m[22m         page
        [1m[32mpage~transcript.js[39m[22m   153 KiB       [1m0[39m[22m  [1m[32m[emitted][39m[22m         page~transcript
             [1m[32mtranscript.js[39m[22m   2.3 KiB       [1m3[39m[22m  [1m[32m[emitted][39m[22m         transcript
[1m[33mvendors~page~transcript.js[39m[22m   [1m[33m657 KiB[39m[22m       [1m1[39m[22m  [1m[32m[emitted][39m[22m  [1m[33m[big][39m[22m  vendors~page~transcript
Entrypoint [1mtranscript[39m[22m [1m[33m[big][39m[22m = [1m[32mvendors~page~transcript.js[39m[22m [1m[32mpage~transcript.js[39m[22m [1m[32mtranscript.js[39m[22m
Entrypoint [1mpage[39m[22m [1m[33m[big][39m[22m = [1m[32mvendors~page~transcript.js[39m[22m [1m[32mpage~transcript.js[39m[22m [1m[32mpage.js[39m[22m
  [4] [1m../cmi-common/src/js/modules/_util/store.js[39m[22m 3.62 KiB {[1m[33m0[39m[22m}[1m[32m [built][39m[22m
  [6] [1m../cmi-common/src/js/modules/_user/netlify.js[39m[22m 4.3 KiB {[1m[33m0[39m[22m}[1m[32m [built][39m[22m
  [8] [1m../cmi-common/src/js/modules/_util/url.js[39m[22m 3.69 KiB {[1m[33m0[39m[22m}[1m[32m [built][39m[22m
 [11] [1m./src/js/modules/_config/config.js + 2 modules[39m[22m 7.78 KiB {[1m[33m0[39m[22m}[1m[32m [built][39m[22m
      | [1m./src/js/modules/_config/config.js[39m[22m 5.84 KiB[1m[32m [built][39m[22m
      | [1m../cmi-common/src/js/modules/_ajax/config.js[39m[22m 1.66 KiB[1m[32m [built][39m[22m
      | [1m./src/js/modules/_config/status.js[39m[22m 271 bytes[1m[32m [built][39m[22m
 [30] [1m./src/js/constants.js[39m[22m 1.05 KiB {[1m[33m0[39m[22m}[1m[32m [built][39m[22m
 [37] [1m../cmi-common/src/js/modules/_page/startup.js[39m[22m 4.77 KiB {[1m[33m0[39m[22m}[1m[32m [built][39m[22m
 [38] [1m./src/js/modules/_contents/toc.js[39m[22m 14.8 KiB {[1m[33m0[39m[22m}[1m[32m [built][39m[22m
 [51] [1m../cmi-common/src/js/modules/_util/facebook.js[39m[22m 342 bytes {[1m[33m0[39m[22m}[1m[32m [built][39m[22m
 [53] [1m./src/js/modules/_search/search.js[39m[22m 1.76 KiB {[1m[33m0[39m[22m}[1m[32m [built][39m[22m
 [54] [1m./src/js/modules/_bookmark/start.js + 13 modules[39m[22m 153 KiB {[1m[33m0[39m[22m}[1m[32m [built][39m[22m
      | [1m./src/js/modules/_bookmark/start.js[39m[22m 949 bytes[1m[32m [built][39m[22m
      | [1m../cmi-common/src/js/modules/_bookmark/shareByEmail.js[39m[22m 5.97 KiB[1m[32m [built][39m[22m
      | [1m../cmi-common/src/js/modules/_bookmark/bookmark.js[39m[22m 20.1 KiB[1m[32m [built][39m[22m
      | [1m../cmi-common/src/js/modules/_share/share.js[39m[22m 4.94 KiB[1m[32m [built][39m[22m
      | [1m../cmi-common/src/js/modules/_ajax/annotation.js[39m[22m 6.08 KiB[1m[32m [built][39m[22m
      | [1m../cmi-common/src/js/modules/_ajax/topics.js[39m[22m 912 bytes[1m[32m [built][39m[22m
      | [1m../cmi-common/src/js/modules/_user/cmi.js[39m[22m 4.01 KiB[1m[32m [built][39m[22m
      | [1m../cmi-common/src/js/modules/_bookmark/topics.js[39m[22m 8.67 KiB[1m[32m [built][39m[22m
      | [1m../cmi-common/src/js/modules/_bookmark/localStore.js[39m[22m 11.4 KiB[1m[32m [built][39m[22m
      | [1m../cmi-common/src/js/modules/_bookmark/bmnet.js[39m[22m 4.96 KiB[1m[32m [built][39m[22m
      | [1m../cmi-common/src/js/modules/_bookmark/navigator.js[39m[22m 30 KiB[1m[32m [built][39m[22m
      | [1m../cmi-common/src/js/modules/_bookmark/list.js[39m[22m 17.3 KiB[1m[32m [built][39m[22m
      | [1m../cmi-common/src/js/modules/_bookmark/annotate.js[39m[22m 27.8 KiB[1m[32m [built][39m[22m
      | [1m../cmi-common/src/js/modules/_bookmark/selection.js[39m[22m 9.63 KiB[1m[32m [built][39m[22m
 [55] [1m../cmi-common/src/js/modules/_search/search.js + 4 modules[39m[22m 43.3 KiB {[1m[33m0[39m[22m}[1m[32m [built][39m[22m
      | [1m../cmi-common/src/js/modules/_search/search.js[39m[22m 18.1 KiB[1m[32m [built][39m[22m
      | [1m../cmi-common/src/js/modules/_ajax/search.js[39m[22m 341 bytes[1m[32m [built][39m[22m
      | [1m../cmi-common/src/js/modules/_ajax/searchResults.js[39m[22m 2.03 KiB[1m[32m [built][39m[22m
      | [1m../cmi-common/src/js/modules/_search/show.js[39m[22m 7.97 KiB[1m[32m [built][39m[22m
      | [1m../cmi-common/src/js/modules/_search/navigator.js[39m[22m 14.9 KiB[1m[32m [built][39m[22m
[118] [1mmulti ./src/js/transcript.js[39m[22m 28 bytes {[1m[33m3[39m[22m}[1m[32m [built][39m[22m
[119] [1m./src/js/transcript.js[39m[22m 1.8 KiB {[1m[33m3[39m[22m}[1m[32m [built][39m[22m
[288] [1mmulti ./src/js/page.js[39m[22m 28 bytes {[1m[33m2[39m[22m}[1m[32m [built][39m[22m
[289] [1m./src/js/page.js + 5 modules[39m[22m 15.1 KiB {[1m[33m2[39m[22m}[1m[32m [built][39m[22m
      | [1m./src/js/page.js[39m[22m 1.38 KiB[1m[32m [built][39m[22m
      | [1m../cmi-common/src/js/modules/_topics/events.js[39m[22m 5.38 KiB[1m[32m [built][39m[22m
      | [1m../cmi-common/src/js/modules/_topics/randomQuote.js[39m[22m 2.41 KiB[1m[32m [built][39m[22m
      | [1m../cmi-common/src/js/modules/_topics/share.js[39m[22m 4.74 KiB[1m[32m [built][39m[22m
      | [1m../cmi-common/src/js/modules/_topics/styles.js[39m[22m 414 bytes[1m[32m [built][39m[22m
      | [1m../cmi-common/src/js/modules/_topics/message.js[39m[22m 766 bytes[1m[32m [built][39m[22m
    + 283 hidden modules

[1m[33mWARNING in asset size limit: The following asset(s) exceed the recommended size limit (244 KiB).
This can impact web performance.
Assets: 
  vendors~page~transcript.js (657 KiB)[39m[22m

[1m[33mWARNING in entrypoint size limit: The following entrypoint(s) combined asset size exceeds the recommended limit (244 KiB). This can impact web performance.
Entrypoints:
  transcript (812 KiB)
      vendors~page~transcript.js
      page~transcript.js
      transcript.js
  page (819 KiB)
      vendors~page~transcript.js
      page~transcript.js
      page.js
[39m[22m

[1m[33mWARNING in webpack performance recommendations: 
You can limit the size of your bundles by using import() or require.ensure to lazy load some parts of your application.
For more info visit https://webpack.js.org/guides/code-splitting/[39m[22m
building webpack for cmi-oe

> cmi-oe@0.1.0 base:prod:webpack
> webpack --mode production

Hash: [1mf5bc51f1e13158901429[39m[22m
Version: webpack [1m4.42.1[39m[22m
Time: [1m1627[39m[22mms
Built at: 04/21/2023 [1m9:04:48 PM[39m[22m
                     [1mAsset[39m[22m      [1mSize[39m[22m  [1mChunks[39m[22m  [1m[39m[22m           [1m[39m[22m       [1mChunk Names[39m[22m
                   [1m[32mpage.js[39m[22m   168 KiB       [1m1[39m[22m  [1m[32m[emitted][39m[22m         page
             [1m[32mtranscript.js[39m[22m   170 KiB       [1m2[39m[22m  [1m[32m[emitted][39m[22m         transcript
[1m[33mvendors~page~transcript.js[39m[22m   [1m[33m655 KiB[39m[22m       [1m0[39m[22m  [1m[32m[emitted][39m[22m  [1m[33m[big][39m[22m  vendors~page~transcript
     [1m[32mvendors~transcript.js[39m[22m  7.64 KiB       [1m3[39m[22m  [1m[32m[emitted][39m[22m         vendors~transcript
Entrypoint [1mtranscript[39m[22m [1m[33m[big][39m[22m = [1m[32mvendors~page~transcript.js[39m[22m [1m[32mvendors~transcript.js[39m[22m [1m[32mtranscript.js[39m[22m
Entrypoint [1mpage[39m[22m [1m[33m[big][39m[22m = [1m[32mvendors~page~transcript.js[39m[22m [1m[32mpage.js[39m[22m
  [4] [1m../cmi-common/src/js/modules/_util/store.js[39m[22m 3.62 KiB {[1m[33m1[39m[22m} {[1m[33m2[39m[22m}[1m[32m [built][39m[22m
  [5] [1m../cmi-common/src/js/modules/_user/netlify.js[39m[22m 4.3 KiB {[1m[33m1[39m[22m} {[1m[33m2[39m[22m}[1m[32m [built][39m[22m
  [9] [1m../cmi-common/src/js/modules/_util/url.js[39m[22m 3.69 KiB {[1m[33m1[39m[22m} {[1m[33m2[39m[22m}[1m[32m [built][39m[22m
 [13] [1m./src/js/modules/_config/config.js + 3 modules[39m[22m 19.4 KiB {[1m[33m1[39m[22m} {[1m[33m2[39m[22m}[1m[32m [built][39m[22m
      | [1m./src/js/modules/_config/config.js[39m[22m 8.01 KiB[1m[32m [built][39m[22m
      | [1m../cmi-common/src/js/modules/_ajax/config.js[39m[22m 1.66 KiB[1m[32m [built][39m[22m
      | [1m./src/js/modules/_config/status.js[39m[22m 187 bytes[1m[32m [built][39m[22m
      | [1m./src/js/modules/_config/wbkey.js[39m[22m 9.57 KiB[1m[32m [built][39m[22m
 [33] [1m./src/js/constants.js[39m[22m 1.08 KiB {[1m[33m1[39m[22m} {[1m[33m2[39m[22m}[1m[32m [built][39m[22m
 [38] [1m../cmi-common/src/js/modules/_page/startup.js[39m[22m 4.77 KiB {[1m[33m1[39m[22m} {[1m[33m2[39m[22m}[1m[32m [built][39m[22m
 [39] [1m./src/js/modules/_contents/toc.js[39m[22m 14.6 KiB {[1m[33m1[39m[22m} {[1m[33m2[39m[22m}[1m[32m [built][39m[22m
 [46] [1m../cmi-common/src/js/modules/_util/facebook.js[39m[22m 342 bytes {[1m[33m1[39m[22m} {[1m[33m2[39m[22m}[1m[32m [built][39m[22m
 [47] [1m./src/js/modules/_search/search.js[39m[22m 1.94 KiB {[1m[33m1[39m[22m} {[1m[33m2[39m[22m}[1m[32m [built][39m[22m
 [48] [1m./src/js/modules/_bookmark/start.js + 13 modules[39m[22m 153 KiB {[1m[33m1[39m[22m} {[1m[33m2[39m[22m}[1m[32m [built][39m[22m
      | [1m./src/js/modules/_bookmark/start.js[39m[22m 929 bytes[1m[32m [built][39m[22m
      | [1m../cmi-common/src/js/modules/_bookmark/shareByEmail.js[39m[22m 5.97 KiB[1m[32m [built][39m[22m
      | [1m../cmi-common/src/js/modules/_bookmark/bookmark.js[39m[22m 20.1 KiB[1m[32m [built][39m[22m
      | [1m../cmi-common/src/js/modules/_share/share.js[39m[22m 4.94 KiB[1m[32m [built][39m[22m
      | [1m../cmi-common/src/js/modules/_ajax/annotation.js[39m[22m 6.08 KiB[1m[32m [built][39m[22m
      | [1m../cmi-common/src/js/modules/_ajax/topics.js[39m[22m 912 bytes[1m[32m [built][39m[22m
      | [1m../cmi-common/src/js/modules/_user/cmi.js[39m[22m 4.01 KiB[1m[32m [built][39m[22m
      | [1m../cmi-common/src/js/modules/_bookmark/topics.js[39m[22m 8.67 KiB[1m[32m [built][39m[22m
      | [1m../cmi-common/src/js/modules/_bookmark/localStore.js[39m[22m 11.4 KiB[1m[32m [built][39m[22m
      | [1m../cmi-common/src/js/modules/_bookmark/bmnet.js[39m[22m 4.96 KiB[1m[32m [built][39m[22m
      | [1m../cmi-common/src/js/modules/_bookmark/navigator.js[39m[22m 30 KiB[1m[32m [built][39m[22m
      | [1m../cmi-common/src/js/modules/_bookmark/list.js[39m[22m 17.3 KiB[1m[32m [built][39m[22m
      | [1m../cmi-common/src/js/modules/_bookmark/annotate.js[39m[22m 27.8 KiB[1m[32m [built][39m[22m
      | [1m../cmi-common/src/js/modules/_bookmark/selection.js[39m[22m 9.63 KiB[1m[32m [built][39m[22m
 [49] [1m../cmi-common/src/js/modules/_search/search.js + 4 modules[39m[22m 43.3 KiB {[1m[33m1[39m[22m} {[1m[33m2[39m[22m}[1m[32m [built][39m[22m
      | [1m../cmi-common/src/js/modules/_search/search.js[39m[22m 18.1 KiB[1m[32m [built][39m[22m
      | [1m../cmi-common/src/js/modules/_ajax/search.js[39m[22m 341 bytes[1m[32m [built][39m[22m
      | [1m../cmi-common/src/js/modules/_ajax/searchResults.js[39m[22m 2.03 KiB[1m[32m [built][39m[22m
      | [1m../cmi-common/src/js/modules/_search/show.js[39m[22m 7.97 KiB[1m[32m [built][39m[22m
      | [1m../cmi-common/src/js/modules/_search/navigator.js[39m[22m 14.9 KiB[1m[32m [built][39m[22m
[149] [1mmulti ./src/js/transcript.js[39m[22m 28 bytes {[1m[33m2[39m[22m}[1m[32m [built][39m[22m
[308] [1mmulti ./src/js/page.js[39m[22m 28 bytes {[1m[33m1[39m[22m}[1m[32m [built][39m[22m
[309] [1m./src/js/transcript.js + 6 modules[39m[22m 33.4 KiB {[1m[33m2[39m[22m}[1m[32m [built][39m[22m
      | [1m./src/js/transcript.js[39m[22m 1.48 KiB[1m[32m [built][39m[22m
      | [1m../cmi-common/src/js/modules/_audio/audio.js[39m[22m 1.34 KiB[1m[32m [built][39m[22m
      | [1m../cmi-common/src/js/modules/_audio/mediaelement.js[39m[22m 6.73 KiB[1m[32m [built][39m[22m
      | [1m../cmi-common/src/js/modules/_audio/capture.js[39m[22m 14.7 KiB[1m[32m [built][39m[22m
      | [1m../cmi-common/src/js/modules/_audio/focus.js[39m[22m 7.75 KiB[1m[32m [built][39m[22m
      | [1m../cmi-common/src/js/modules/_ajax/audio.js[39m[22m 603 bytes[1m[32m [built][39m[22m
      | [1m../cmi-common/src/js/modules/_audio/captureData.js[39m[22m 772 bytes[1m[32m [built][39m[22m
[310] [1m./src/js/page.js + 5 modules[39m[22m 15.2 KiB {[1m[33m1[39m[22m}[1m[32m [built][39m[22m
      | [1m./src/js/page.js[39m[22m 1.5 KiB[1m[32m [built][39m[22m
      | [1m../cmi-common/src/js/modules/_topics/events.js[39m[22m 5.38 KiB[1m[32m [built][39m[22m
      | [1m../cmi-common/src/js/modules/_topics/randomQuote.js[39m[22m 2.41 KiB[1m[32m [built][39m[22m
      | [1m../cmi-common/src/js/modules/_topics/share.js[39m[22m 4.74 KiB[1m[32m [built][39m[22m
      | [1m../cmi-common/src/js/modules/_topics/styles.js[39m[22m 414 bytes[1m[32m [built][39m[22m
      | [1m../cmi-common/src/js/modules/_topics/message.js[39m[22m 766 bytes[1m[32m [built][39m[22m
    + 303 hidden modules

[1m[33mWARNING in asset size limit: The following asset(s) exceed the recommended size limit (244 KiB).
This can impact web performance.
Assets: 
  vendors~page~transcript.js (655 KiB)[39m[22m

[1m[33mWARNING in entrypoint size limit: The following entrypoint(s) combined asset size exceeds the recommended limit (244 KiB). This can impact web performance.
Entrypoints:
  transcript (832 KiB)
      vendors~page~transcript.js
      vendors~transcript.js
      transcript.js
  page (823 KiB)
      vendors~page~transcript.js
      page.js
[39m[22m

[1m[33mWARNING in webpack performance recommendations: 
You can limit the size of your bundles by using import() or require.ensure to lazy load some parts of your application.
For more info visit https://webpack.js.org/guides/code-splitting/[39m[22m
building webpack for cmi-ftcm

> cmi-ftcm@0.1.0 base:prod:webpack
> webpack --mode production

Browserslist: caniuse-lite is outdated. Please run:
npx browserslist@latest --update-db

Why you should do it regularly:
https://github.com/browserslist/browserslist#browsers-data-updating
Hash: [1m07795b40503d7051bd9c[39m[22m
Version: webpack [1m4.46.0[39m[22m
Time: [1m1637[39m[22mms
Built at: 04/21/2023 [1m9:04:51 PM[39m[22m
                     [1mAsset[39m[22m      [1mSize[39m[22m  [1mChunks[39m[22m  [1m[39m[22m           [1m[39m[22m       [1mChunk Names[39m[22m
                   [1m[32mpage.js[39m[22m   157 KiB       [1m1[39m[22m  [1m[32m[emitted][39m[22m         page
             [1m[32mtranscript.js[39m[22m   159 KiB       [1m2[39m[22m  [1m[32m[emitted][39m[22m         transcript
[1m[33mvendors~page~transcript.js[39m[22m   [1m[33m655 KiB[39m[22m       [1m0[39m[22m  [1m[32m[emitted][39m[22m  [1m[33m[big][39m[22m  vendors~page~transcript
     [1m[32mvendors~transcript.js[39m[22m  7.64 KiB       [1m3[39m[22m  [1m[32m[emitted][39m[22m         vendors~transcript
Entrypoint [1mtranscript[39m[22m [1m[33m[big][39m[22m = [1m[32mvendors~page~transcript.js[39m[22m [1m[32mvendors~transcript.js[39m[22m [1m[32mtranscript.js[39m[22m
Entrypoint [1mpage[39m[22m [1m[33m[big][39m[22m = [1m[32mvendors~page~transcript.js[39m[22m [1m[32mpage.js[39m[22m
  [4] [1m../cmi-common/src/js/modules/_util/store.js[39m[22m 3.62 KiB {[1m[33m1[39m[22m} {[1m[33m2[39m[22m}[1m[32m [built][39m[22m
  [5] [1m../cmi-common/src/js/modules/_user/netlify.js[39m[22m 4.3 KiB {[1m[33m1[39m[22m} {[1m[33m2[39m[22m}[1m[32m [built][39m[22m
  [9] [1m../cmi-common/src/js/modules/_util/url.js[39m[22m 3.69 KiB {[1m[33m1[39m[22m} {[1m[33m2[39m[22m}[1m[32m [built][39m[22m
 [12] [1m./src/js/modules/_config/config.js + 2 modules[39m[22m 6.23 KiB {[1m[33m1[39m[22m} {[1m[33m2[39m[22m}[1m[32m [built][39m[22m
      | [1m./src/js/modules/_config/config.js[39m[22m 4.41 KiB[1m[32m [built][39m[22m
      | [1m../cmi-common/src/js/modules/_ajax/config.js[39m[22m 1.66 KiB[1m[32m [built][39m[22m
      | [1m./src/js/modules/_config/status.js[39m[22m 146 bytes[1m[32m [built][39m[22m
 [33] [1m./src/js/constants.js[39m[22m 1.03 KiB {[1m[33m1[39m[22m} {[1m[33m2[39m[22m}[1m[32m [built][39m[22m
 [38] [1m../cmi-common/src/js/modules/_page/startup.js[39m[22m 4.77 KiB {[1m[33m1[39m[22m} {[1m[33m2[39m[22m}[1m[32m [built][39m[22m
 [39] [1m./src/js/modules/_contents/toc.js[39m[22m 5.86 KiB {[1m[33m1[39m[22m} {[1m[33m2[39m[22m}[1m[32m [built][39m[22m
 [46] [1m../cmi-common/src/js/modules/_util/facebook.js[39m[22m 342 bytes {[1m[33m1[39m[22m} {[1m[33m2[39m[22m}[1m[32m [built][39m[22m
 [47] [1m./src/js/modules/_search/search.js[39m[22m 1.79 KiB {[1m[33m1[39m[22m} {[1m[33m2[39m[22m}[1m[32m [built][39m[22m
 [48] [1m./src/js/modules/_bookmark/start.js + 13 modules[39m[22m 153 KiB {[1m[33m1[39m[22m} {[1m[33m2[39m[22m}[1m[32m [built][39m[22m
      | [1m./src/js/modules/_bookmark/start.js[39m[22m 881 bytes[1m[32m [built][39m[22m
      | [1m../cmi-common/src/js/modules/_bookmark/shareByEmail.js[39m[22m 5.97 KiB[1m[32m [built][39m[22m
      | [1m../cmi-common/src/js/modules/_bookmark/bookmark.js[39m[22m 20.1 KiB[1m[32m [built][39m[22m
      | [1m../cmi-common/src/js/modules/_share/share.js[39m[22m 4.94 KiB[1m[32m [built][39m[22m
      | [1m../cmi-common/src/js/modules/_ajax/annotation.js[39m[22m 6.08 KiB[1m[32m [built][39m[22m
      | [1m../cmi-common/src/js/modules/_ajax/topics.js[39m[22m 912 bytes[1m[32m [built][39m[22m
      | [1m../cmi-common/src/js/modules/_user/cmi.js[39m[22m 4.01 KiB[1m[32m [built][39m[22m
      | [1m../cmi-common/src/js/modules/_bookmark/topics.js[39m[22m 8.67 KiB[1m[32m [built][39m[22m
      | [1m../cmi-common/src/js/modules/_bookmark/localStore.js[39m[22m 11.4 KiB[1m[32m [built][39m[22m
      | [1m../cmi-common/src/js/modules/_bookmark/bmnet.js[39m[22m 4.96 KiB[1m[32m [built][39m[22m
      | [1m../cmi-common/src/js/modules/_bookmark/navigator.js[39m[22m 30 KiB[1m[32m [built][39m[22m
      | [1m../cmi-common/src/js/modules/_bookmark/list.js[39m[22m 17.3 KiB[1m[32m [built][39m[22m
      | [1m../cmi-common/src/js/modules/_bookmark/annotate.js[39m[22m 27.8 KiB[1m[32m [built][39m[22m
      | [1m../cmi-common/src/js/modules/_bookmark/selection.js[39m[22m 9.63 KiB[1m[32m [built][39m[22m
 [49] [1m../cmi-common/src/js/modules/_search/search.js + 4 modules[39m[22m 43.3 KiB {[1m[33m1[39m[22m} {[1m[33m2[39m[22m}[1m[32m [built][39m[22m
      | [1m../cmi-common/src/js/modules/_search/search.js[39m[22m 18.1 KiB[1m[32m [built][39m[22m
      | [1m../cmi-common/src/js/modules/_ajax/search.js[39m[22m 341 bytes[1m[32m [built][39m[22m
      | [1m../cmi-common/src/js/modules/_ajax/searchResults.js[39m[22m 2.03 KiB[1m[32m [built][39m[22m
      | [1m../cmi-common/src/js/modules/_search/show.js[39m[22m 7.97 KiB[1m[32m [built][39m[22m
      | [1m../cmi-common/src/js/modules/_search/navigator.js[39m[22m 14.9 KiB[1m[32m [built][39m[22m
[149] [1mmulti ./src/js/transcript.js[39m[22m 28 bytes {[1m[33m2[39m[22m}[1m[32m [built][39m[22m
[308] [1mmulti ./src/js/page.js[39m[22m 28 bytes {[1m[33m1[39m[22m}[1m[32m [built][39m[22m
[309] [1m./src/js/transcript.js + 6 modules[39m[22m 33.2 KiB {[1m[33m2[39m[22m}[1m[32m [built][39m[22m
      | [1m./src/js/transcript.js[39m[22m 1.27 KiB[1m[32m [built][39m[22m
      | [1m../cmi-common/src/js/modules/_audio/audio.js[39m[22m 1.34 KiB[1m[32m [built][39m[22m
      | [1m../cmi-common/src/js/modules/_audio/mediaelement.js[39m[22m 6.73 KiB[1m[32m [built][39m[22m
      | [1m../cmi-common/src/js/modules/_audio/capture.js[39m[22m 14.7 KiB[1m[32m [built][39m[22m
      | [1m../cmi-common/src/js/modules/_audio/focus.js[39m[22m 7.75 KiB[1m[32m [built][39m[22m
      | [1m../cmi-common/src/js/modules/_ajax/audio.js[39m[22m 603 bytes[1m[32m [built][39m[22m
      | [1m../cmi-common/src/js/modules/_audio/captureData.js[39m[22m 772 bytes[1m[32m [built][39m[22m
[310] [1m./src/js/page.js + 5 modules[39m[22m 15.2 KiB {[1m[33m1[39m[22m}[1m[32m [built][39m[22m
      | [1m./src/js/page.js[39m[22m 1.41 KiB[1m[32m [built][39m[22m
      | [1m../cmi-common/src/js/modules/_topics/events.js[39m[22m 5.38 KiB[1m[32m [built][39m[22m
      | [1m../cmi-common/src/js/modules/_topics/randomQuote.js[39m[22m 2.41 KiB[1m[32m [built][39m[22m
      | [1m../cmi-common/src/js/modules/_topics/share.js[39m[22m 4.74 KiB[1m[32m [built][39m[22m
      | [1m../cmi-common/src/js/modules/_topics/styles.js[39m[22m 414 bytes[1m[32m [built][39m[22m
      | [1m../cmi-common/src/js/modules/_topics/message.js[39m[22m 766 bytes[1m[32m [built][39m[22m
    + 303 hidden modules

[1m[33mWARNING in asset size limit: The following asset(s) exceed the recommended size limit (244 KiB).
This can impact web performance.
Assets: 
  vendors~page~transcript.js (655 KiB)[39m[22m

[1m[33mWARNING in entrypoint size limit: The following entrypoint(s) combined asset size exceeds the recommended limit (244 KiB). This can impact web performance.
Entrypoints:
  transcript (821 KiB)
      vendors~page~transcript.js
      vendors~transcript.js
      transcript.js
  page (812 KiB)
      vendors~page~transcript.js
      page.js
[39m[22m

[1m[33mWARNING in webpack performance recommendations: 
You can limit the size of your bundles by using import() or require.ensure to lazy load some parts of your application.
For more info visit https://webpack.js.org/guides/code-splitting/[39m[22m
building webpack for cmi-col

> cmi-col@0.1.0 base:prod:webpack
> webpack --mode production

Browserslist: caniuse-lite is outdated. Please run:
npx browserslist@latest --update-db

Why you should do it regularly:
https://github.com/browserslist/browserslist#browsers-data-updating
Hash: [1m31423549036eb4fd1806[39m[22m
Version: webpack [1m4.46.0[39m[22m
Time: [1m1518[39m[22mms
Built at: 04/21/2023 [1m9:04:53 PM[39m[22m
                     [1mAsset[39m[22m      [1mSize[39m[22m  [1mChunks[39m[22m  [1m[39m[22m           [1m[39m[22m       [1mChunk Names[39m[22m
                   [1m[32mpage.js[39m[22m  9.05 KiB       [1m2[39m[22m  [1m[32m[emitted][39m[22m         page
        [1m[32mpage~transcript.js[39m[22m   147 KiB       [1m0[39m[22m  [1m[32m[emitted][39m[22m         page~transcript
             [1m[32mtranscript.js[39m[22m  1.97 KiB       [1m3[39m[22m  [1m[32m[emitted][39m[22m         transcript
[1m[33mvendors~page~transcript.js[39m[22m   [1m[33m655 KiB[39m[22m       [1m1[39m[22m  [1m[32m[emitted][39m[22m  [1m[33m[big][39m[22m  vendors~page~transcript
Entrypoint [1mtranscript[39m[22m [1m[33m[big][39m[22m = [1m[32mvendors~page~transcript.js[39m[22m [1m[32mpage~transcript.js[39m[22m [1m[32mtranscript.js[39m[22m
Entrypoint [1mpage[39m[22m [1m[33m[big][39m[22m = [1m[32mvendors~page~transcript.js[39m[22m [1m[32mpage~transcript.js[39m[22m [1m[32mpage.js[39m[22m
  [4] [1m../cmi-common/src/js/modules/_util/store.js[39m[22m 3.62 KiB {[1m[33m0[39m[22m}[1m[32m [built][39m[22m
  [6] [1m../cmi-common/src/js/modules/_user/netlify.js[39m[22m 4.3 KiB {[1m[33m0[39m[22m}[1m[32m [built][39m[22m
  [8] [1m../cmi-common/src/js/modules/_util/url.js[39m[22m 3.69 KiB {[1m[33m0[39m[22m}[1m[32m [built][39m[22m
 [12] [1m./src/js/modules/_config/config.js + 2 modules[39m[22m 5.48 KiB {[1m[33m0[39m[22m}[1m[32m [built][39m[22m
      | [1m./src/js/modules/_config/config.js[39m[22m 3.45 KiB[1m[32m [built][39m[22m
      | [1m../cmi-common/src/js/modules/_ajax/config.js[39m[22m 1.66 KiB[1m[32m [built][39m[22m
      | [1m./src/js/modules/_config/status.js[39m[22m 351 bytes[1m[32m [built][39m[22m
 [25] [1m./src/js/constants.js[39m[22m 967 bytes {[1m[33m0[39m[22m}[1m[32m [built][39m[22m
 [36] [1m../cmi-common/src/js/modules/_page/startup.js[39m[22m 4.77 KiB {[1m[33m0[39m[22m}[1m[32m [built][39m[22m
 [37] [1m./src/js/modules/_contents/toc.js[39m[22m 5.84 KiB {[1m[33m0[39m[22m}[1m[32m [built][39m[22m
 [50] [1m../cmi-common/src/js/modules/_util/facebook.js[39m[22m 342 bytes {[1m[33m0[39m[22m}[1m[32m [built][39m[22m
 [52] [1m./src/js/modules/_search/search.js[39m[22m 1.79 KiB {[1m[33m0[39m[22m}[1m[32m [built][39m[22m
 [54] [1m./src/js/modules/_bookmark/start.js + 13 modules[39m[22m 153 KiB {[1m[33m0[39m[22m}[1m[32m [built][39m[22m
      | [1m./src/js/modules/_bookmark/start.js[39m[22m 881 bytes[1m[32m [built][39m[22m
      | [1m../cmi-common/src/js/modules/_bookmark/shareByEmail.js[39m[22m 5.97 KiB[1m[32m [built][39m[22m
      | [1m../cmi-common/src/js/modules/_bookmark/bookmark.js[39m[22m 20.1 KiB[1m[32m [built][39m[22m
      | [1m../cmi-common/src/js/modules/_share/share.js[39m[22m 4.94 KiB[1m[32m [built][39m[22m
      | [1m../cmi-common/src/js/modules/_ajax/annotation.js[39m[22m 6.08 KiB[1m[32m [built][39m[22m
      | [1m../cmi-common/src/js/modules/_ajax/topics.js[39m[22m 912 bytes[1m[32m [built][39m[22m
      | [1m../cmi-common/src/js/modules/_user/cmi.js[39m[22m 4.01 KiB[1m[32m [built][39m[22m
      | [1m../cmi-common/src/js/modules/_bookmark/topics.js[39m[22m 8.67 KiB[1m[32m [built][39m[22m
      | [1m../cmi-common/src/js/modules/_bookmark/localStore.js[39m[22m 11.4 KiB[1m[32m [built][39m[22m
      | [1m../cmi-common/src/js/modules/_bookmark/bmnet.js[39m[22m 4.96 KiB[1m[32m [built][39m[22m
      | [1m../cmi-common/src/js/modules/_bookmark/navigator.js[39m[22m 30 KiB[1m[32m [built][39m[22m
      | [1m../cmi-common/src/js/modules/_bookmark/list.js[39m[22m 17.3 KiB[1m[32m [built][39m[22m
      | [1m../cmi-common/src/js/modules/_bookmark/annotate.js[39m[22m 27.8 KiB[1m[32m [built][39m[22m
      | [1m../cmi-common/src/js/modules/_bookmark/selection.js[39m[22m 9.63 KiB[1m[32m [built][39m[22m
 [55] [1m../cmi-common/src/js/modules/_search/search.js + 4 modules[39m[22m 43.3 KiB {[1m[33m0[39m[22m}[1m[32m [built][39m[22m
      | [1m../cmi-common/src/js/modules/_search/search.js[39m[22m 18.1 KiB[1m[32m [built][39m[22m
      | [1m../cmi-common/src/js/modules/_ajax/search.js[39m[22m 341 bytes[1m[32m [built][39m[22m
      | [1m../cmi-common/src/js/modules/_ajax/searchResults.js[39m[22m 2.03 KiB[1m[32m [built][39m[22m
      | [1m../cmi-common/src/js/modules/_search/show.js[39m[22m 7.97 KiB[1m[32m [built][39m[22m
      | [1m../cmi-common/src/js/modules/_search/navigator.js[39m[22m 14.9 KiB[1m[32m [built][39m[22m
[117] [1mmulti ./src/js/transcript.js[39m[22m 28 bytes {[1m[33m3[39m[22m}[1m[32m [built][39m[22m
[118] [1m./src/js/transcript.js[39m[22m 1.13 KiB {[1m[33m3[39m[22m}[1m[32m [built][39m[22m
[271] [1mmulti ./src/js/page.js[39m[22m 28 bytes {[1m[33m2[39m[22m}[1m[32m [built][39m[22m
[272] [1m./src/js/page.js + 5 modules[39m[22m 15.2 KiB {[1m[33m2[39m[22m}[1m[32m [built][39m[22m
      | [1m./src/js/page.js[39m[22m 1.41 KiB[1m[32m [built][39m[22m
      | [1m../cmi-common/src/js/modules/_topics/events.js[39m[22m 5.38 KiB[1m[32m [built][39m[22m
      | [1m../cmi-common/src/js/modules/_topics/randomQuote.js[39m[22m 2.41 KiB[1m[32m [built][39m[22m
      | [1m../cmi-common/src/js/modules/_topics/share.js[39m[22m 4.74 KiB[1m[32m [built][39m[22m
      | [1m../cmi-common/src/js/modules/_topics/styles.js[39m[22m 414 bytes[1m[32m [built][39m[22m
      | [1m../cmi-common/src/js/modules/_topics/message.js[39m[22m 766 bytes[1m[32m [built][39m[22m
    + 266 hidden modules

[1m[33mWARNING in asset size limit: The following asset(s) exceed the recommended size limit (244 KiB).
This can impact web performance.
Assets: 
  vendors~page~transcript.js (655 KiB)[39m[22m

[1m[33mWARNING in entrypoint size limit: The following entrypoint(s) combined asset size exceeds the recommended limit (244 KiB). This can impact web performance.
Entrypoints:
  transcript (804 KiB)
      vendors~page~transcript.js
      page~transcript.js
      transcript.js
  page (811 KiB)
      vendors~page~transcript.js
      page~transcript.js
      page.js
[39m[22m

[1m[33mWARNING in webpack performance recommendations: 
You can limit the size of your bundles by using import() or require.ensure to lazy load some parts of your application.
For more info visit https://webpack.js.org/guides/code-splitting/[39m[22m
building webpack for cmi-acol

> cmi-acol@0.1.0 base:prod:webpack
> webpack --mode production

Hash: [1m82cf64e289aa4a39b195[39m[22m
Version: webpack [1m4.42.1[39m[22m
Time: [1m1741[39m[22mms
Built at: 04/21/2023 [1m9:04:55 PM[39m[22m
                     [1mAsset[39m[22m      [1mSize[39m[22m  [1mChunks[39m[22m  [1m[39m[22m           [1m[39m[22m       [1mChunk Names[39m[22m
                   [1m[32mpage.js[39m[22m   158 KiB       [1m1[39m[22m  [1m[32m[emitted][39m[22m         page
             [1m[32mtranscript.js[39m[22m   162 KiB       [1m2[39m[22m  [1m[32m[emitted][39m[22m         transcript
[1m[33mvendors~page~transcript.js[39m[22m   [1m[33m655 KiB[39m[22m       [1m0[39m[22m  [1m[32m[emitted][39m[22m  [1m[33m[big][39m[22m  vendors~page~transcript
     [1m[32mvendors~transcript.js[39m[22m  36.1 KiB       [1m3[39m[22m  [1m[32m[emitted][39m[22m         vendors~transcript
Entrypoint [1mtranscript[39m[22m [1m[33m[big][39m[22m = [1m[32mvendors~page~transcript.js[39m[22m [1m[32mvendors~transcript.js[39m[22m [1m[32mtranscript.js[39m[22m
Entrypoint [1mpage[39m[22m [1m[33m[big][39m[22m = [1m[32mvendors~page~transcript.js[39m[22m [1m[32mpage.js[39m[22m
  [5] [1m../cmi-common/src/js/modules/_util/store.js[39m[22m 3.62 KiB {[1m[33m1[39m[22m} {[1m[33m2[39m[22m}[1m[32m [built][39m[22m
  [6] [1m../cmi-common/src/js/modules/_user/netlify.js[39m[22m 4.3 KiB {[1m[33m1[39m[22m} {[1m[33m2[39m[22m}[1m[32m [built][39m[22m
 [11] [1m../cmi-common/src/js/modules/_util/url.js[39m[22m 3.69 KiB {[1m[33m1[39m[22m} {[1m[33m2[39m[22m}[1m[32m [built][39m[22m
 [13] [1m./src/js/modules/_config/config.js + 2 modules[39m[22m 5.59 KiB {[1m[33m1[39m[22m} {[1m[33m2[39m[22m}[1m[32m [built][39m[22m
      | [1m./src/js/modules/_config/config.js[39m[22m 3.73 KiB[1m[32m [built][39m[22m
      | [1m../cmi-common/src/js/modules/_ajax/config.js[39m[22m 1.66 KiB[1m[32m [built][39m[22m
      | [1m./src/js/modules/_config/status.js[39m[22m 190 bytes[1m[32m [built][39m[22m
 [36] [1m./src/js/constants.js[39m[22m 1.09 KiB {[1m[33m1[39m[22m} {[1m[33m2[39m[22m}[1m[32m [built][39m[22m
 [42] [1m../cmi-common/src/js/modules/_page/startup.js[39m[22m 4.77 KiB {[1m[33m1[39m[22m} {[1m[33m2[39m[22m}[1m[32m [built][39m[22m
 [43] [1m./src/js/modules/_contents/toc.js[39m[22m 9.67 KiB {[1m[33m1[39m[22m} {[1m[33m2[39m[22m}[1m[32m [built][39m[22m
 [49] [1m../cmi-common/src/js/modules/_util/facebook.js[39m[22m 342 bytes {[1m[33m1[39m[22m} {[1m[33m2[39m[22m}[1m[32m [built][39m[22m
 [50] [1m./src/js/modules/_search/search.js[39m[22m 1.79 KiB {[1m[33m1[39m[22m} {[1m[33m2[39m[22m}[1m[32m [built][39m[22m
 [51] [1m./src/js/modules/_bookmark/start.js + 13 modules[39m[22m 153 KiB {[1m[33m1[39m[22m} {[1m[33m2[39m[22m}[1m[32m [built][39m[22m
      | [1m./src/js/modules/_bookmark/start.js[39m[22m 927 bytes[1m[32m [built][39m[22m
      | [1m../cmi-common/src/js/modules/_bookmark/shareByEmail.js[39m[22m 5.97 KiB[1m[32m [built][39m[22m
      | [1m../cmi-common/src/js/modules/_bookmark/bookmark.js[39m[22m 20.1 KiB[1m[32m [built][39m[22m
      | [1m../cmi-common/src/js/modules/_share/share.js[39m[22m 4.94 KiB[1m[32m [built][39m[22m
      | [1m../cmi-common/src/js/modules/_ajax/annotation.js[39m[22m 6.08 KiB[1m[32m [built][39m[22m
      | [1m../cmi-common/src/js/modules/_ajax/topics.js[39m[22m 912 bytes[1m[32m [built][39m[22m
      | [1m../cmi-common/src/js/modules/_user/cmi.js[39m[22m 4.01 KiB[1m[32m [built][39m[22m
      | [1m../cmi-common/src/js/modules/_bookmark/topics.js[39m[22m 8.67 KiB[1m[32m [built][39m[22m
      | [1m../cmi-common/src/js/modules/_bookmark/localStore.js[39m[22m 11.4 KiB[1m[32m [built][39m[22m
      | [1m../cmi-common/src/js/modules/_bookmark/bmnet.js[39m[22m 4.96 KiB[1m[32m [built][39m[22m
      | [1m../cmi-common/src/js/modules/_bookmark/navigator.js[39m[22m 30 KiB[1m[32m [built][39m[22m
      | [1m../cmi-common/src/js/modules/_bookmark/list.js[39m[22m 17.3 KiB[1m[32m [built][39m[22m
      | [1m../cmi-common/src/js/modules/_bookmark/annotate.js[39m[22m 27.8 KiB[1m[32m [built][39m[22m
      | [1m../cmi-common/src/js/modules/_bookmark/selection.js[39m[22m 9.63 KiB[1m[32m [built][39m[22m
 [52] [1m../cmi-common/src/js/modules/_search/search.js + 4 modules[39m[22m 43.3 KiB {[1m[33m1[39m[22m} {[1m[33m2[39m[22m}[1m[32m [built][39m[22m
      | [1m../cmi-common/src/js/modules/_search/search.js[39m[22m 18.1 KiB[1m[32m [built][39m[22m
      | [1m../cmi-common/src/js/modules/_ajax/search.js[39m[22m 341 bytes[1m[32m [built][39m[22m
      | [1m../cmi-common/src/js/modules/_ajax/searchResults.js[39m[22m 2.03 KiB[1m[32m [built][39m[22m
      | [1m../cmi-common/src/js/modules/_search/show.js[39m[22m 7.97 KiB[1m[32m [built][39m[22m
      | [1m../cmi-common/src/js/modules/_search/navigator.js[39m[22m 14.9 KiB[1m[32m [built][39m[22m
[156] [1mmulti ./src/js/transcript.js[39m[22m 28 bytes {[1m[33m2[39m[22m}[1m[32m [built][39m[22m
[314] [1mmulti ./src/js/page.js[39m[22m 28 bytes {[1m[33m1[39m[22m}[1m[32m [built][39m[22m
[315] [1m./src/js/transcript.js + 7 modules[39m[22m 36.6 KiB {[1m[33m2[39m[22m}[1m[32m [built][39m[22m
      | [1m./src/js/transcript.js[39m[22m 1.3 KiB[1m[32m [built][39m[22m
      | [1m../cmi-common/src/js/modules/_audio/audio.js[39m[22m 1.34 KiB[1m[32m [built][39m[22m
      | [1m./src/js/modules/_acol/acol.js[39m[22m 3.33 KiB[1m[32m [built][39m[22m
      | [1m../cmi-common/src/js/modules/_audio/mediaelement.js[39m[22m 6.73 KiB[1m[32m [built][39m[22m
      | [1m../cmi-common/src/js/modules/_audio/capture.js[39m[22m 14.7 KiB[1m[32m [built][39m[22m
      | [1m../cmi-common/src/js/modules/_audio/focus.js[39m[22m 7.75 KiB[1m[32m [built][39m[22m
      | [1m../cmi-common/src/js/modules/_ajax/audio.js[39m[22m 603 bytes[1m[32m [built][39m[22m
      | [1m../cmi-common/src/js/modules/_audio/captureData.js[39m[22m 772 bytes[1m[32m [built][39m[22m
[316] [1m./src/js/page.js + 5 modules[39m[22m 15.2 KiB {[1m[33m1[39m[22m}[1m[32m [built][39m[22m
      | [1m./src/js/page.js[39m[22m 1.41 KiB[1m[32m [built][39m[22m
      | [1m../cmi-common/src/js/modules/_topics/events.js[39m[22m 5.38 KiB[1m[32m [built][39m[22m
      | [1m../cmi-common/src/js/modules/_topics/randomQuote.js[39m[22m 2.41 KiB[1m[32m [built][39m[22m
      | [1m../cmi-common/src/js/modules/_topics/share.js[39m[22m 4.74 KiB[1m[32m [built][39m[22m
      | [1m../cmi-common/src/js/modules/_topics/styles.js[39m[22m 414 bytes[1m[32m [built][39m[22m
      | [1m../cmi-common/src/js/modules/_topics/message.js[39m[22m 766 bytes[1m[32m [built][39m[22m
    + 311 hidden modules

[1m[33mWARNING in asset size limit: The following asset(s) exceed the recommended size limit (244 KiB).
This can impact web performance.
Assets: 
  vendors~page~transcript.js (655 KiB)[39m[22m

[1m[33mWARNING in entrypoint size limit: The following entrypoint(s) combined asset size exceeds the recommended limit (244 KiB). This can impact web performance.
Entrypoints:
  transcript (853 KiB)
      vendors~page~transcript.js
      vendors~transcript.js
      transcript.js
  page (813 KiB)
      vendors~page~transcript.js
      page.js
[39m[22m

[1m[33mWARNING in webpack performance recommendations: 
You can limit the size of your bundles by using import() or require.ensure to lazy load some parts of your application.
For more info visit https://webpack.js.org/guides/code-splitting/[39m[22m
building webpack for cmi-jsb

> cmi-jsb@0.1.0 base:prod:webpack
> webpack --mode production

Hash: [1m831639187a06f1ac6e9e[39m[22m
Version: webpack [1m4.42.1[39m[22m
Time: [1m1703[39m[22mms
Built at: 04/21/2023 [1m9:04:58 PM[39m[22m
                     [1mAsset[39m[22m      [1mSize[39m[22m  [1mChunks[39m[22m  [1m[39m[22m           [1m[39m[22m       [1mChunk Names[39m[22m
                   [1m[32mpage.js[39m[22m   135 KiB       [1m1[39m[22m  [1m[32m[emitted][39m[22m         page
             [1m[32mtranscript.js[39m[22m   137 KiB       [1m2[39m[22m  [1m[32m[emitted][39m[22m         transcript
[1m[33mvendors~page~transcript.js[39m[22m   [1m[33m655 KiB[39m[22m       [1m0[39m[22m  [1m[32m[emitted][39m[22m  [1m[33m[big][39m[22m  vendors~page~transcript
     [1m[32mvendors~transcript.js[39m[22m  7.64 KiB       [1m3[39m[22m  [1m[32m[emitted][39m[22m         vendors~transcript
Entrypoint [1mtranscript[39m[22m [1m[33m[big][39m[22m = [1m[32mvendors~page~transcript.js[39m[22m [1m[32mvendors~transcript.js[39m[22m [1m[32mtranscript.js[39m[22m
Entrypoint [1mpage[39m[22m [1m[33m[big][39m[22m = [1m[32mvendors~page~transcript.js[39m[22m [1m[32mpage.js[39m[22m
  [0] [1m../cmi-common/src/js/modules/_language/lang.js[39m[22m 2.82 KiB {[1m[33m1[39m[22m} {[1m[33m2[39m[22m}[1m[32m [built][39m[22m
  [4] [1m../cmi-common/src/js/modules/_util/store.js[39m[22m 3.62 KiB {[1m[33m1[39m[22m} {[1m[33m2[39m[22m}[1m[32m [built][39m[22m
  [5] [1m../cmi-common/src/js/modules/_user/netlify.js[39m[22m 4.3 KiB {[1m[33m1[39m[22m} {[1m[33m2[39m[22m}[1m[32m [built][39m[22m
 [10] [1m../cmi-common/src/js/modules/_util/url.js[39m[22m 3.69 KiB {[1m[33m1[39m[22m} {[1m[33m2[39m[22m}[1m[32m [built][39m[22m
 [11] [1m./src/js/modules/_config/config.js + 2 modules[39m[22m 5.71 KiB {[1m[33m1[39m[22m} {[1m[33m2[39m[22m}[1m[32m [built][39m[22m
      | [1m./src/js/modules/_config/config.js[39m[22m 3.93 KiB[1m[32m [built][39m[22m
      | [1m../cmi-common/src/js/modules/_ajax/config.js[39m[22m 1.66 KiB[1m[32m [built][39m[22m
      | [1m./src/js/modules/_config/status.js[39m[22m 105 bytes[1m[32m [built][39m[22m
 [32] [1m./src/js/constants.js[39m[22m 1020 bytes {[1m[33m1[39m[22m} {[1m[33m2[39m[22m}[1m[32m [built][39m[22m
 [38] [1m../cmi-common/src/js/modules/_page/startup.js[39m[22m 4.77 KiB {[1m[33m1[39m[22m} {[1m[33m2[39m[22m}[1m[32m [built][39m[22m
 [39] [1m./src/js/modules/_contents/toc.js[39m[22m 4.8 KiB {[1m[33m1[39m[22m} {[1m[33m2[39m[22m}[1m[32m [built][39m[22m
 [46] [1m../cmi-common/src/js/modules/_util/facebook.js[39m[22m 342 bytes {[1m[33m1[39m[22m} {[1m[33m2[39m[22m}[1m[32m [built][39m[22m
 [47] [1m./src/js/modules/_bookmark/start.js + 13 modules[39m[22m 153 KiB {[1m[33m1[39m[22m} {[1m[33m2[39m[22m}[1m[32m [built][39m[22m
      | [1m./src/js/modules/_bookmark/start.js[39m[22m 1010 bytes[1m[32m [built][39m[22m
      | [1m../cmi-common/src/js/modules/_bookmark/shareByEmail.js[39m[22m 5.97 KiB[1m[32m [built][39m[22m
      | [1m../cmi-common/src/js/modules/_bookmark/bookmark.js[39m[22m 20.1 KiB[1m[32m [built][39m[22m
      | [1m../cmi-common/src/js/modules/_share/share.js[39m[22m 4.94 KiB[1m[32m [built][39m[22m
      | [1m../cmi-common/src/js/modules/_ajax/annotation.js[39m[22m 6.08 KiB[1m[32m [built][39m[22m
      | [1m../cmi-common/src/js/modules/_ajax/topics.js[39m[22m 912 bytes[1m[32m [built][39m[22m
      | [1m../cmi-common/src/js/modules/_user/cmi.js[39m[22m 4.01 KiB[1m[32m [built][39m[22m
      | [1m../cmi-common/src/js/modules/_bookmark/topics.js[39m[22m 8.67 KiB[1m[32m [built][39m[22m
      | [1m../cmi-common/src/js/modules/_bookmark/localStore.js[39m[22m 11.4 KiB[1m[32m [built][39m[22m
      | [1m../cmi-common/src/js/modules/_bookmark/bmnet.js[39m[22m 4.96 KiB[1m[32m [built][39m[22m
      | [1m../cmi-common/src/js/modules/_bookmark/navigator.js[39m[22m 30 KiB[1m[32m [built][39m[22m
      | [1m../cmi-common/src/js/modules/_bookmark/list.js[39m[22m 17.3 KiB[1m[32m [built][39m[22m
      | [1m../cmi-common/src/js/modules/_bookmark/annotate.js[39m[22m 27.8 KiB[1m[32m [built][39m[22m
      | [1m../cmi-common/src/js/modules/_bookmark/selection.js[39m[22m 9.63 KiB[1m[32m [built][39m[22m
 [48] [1m./src/js/modules/_about/about.js + 2 modules[39m[22m 17.4 KiB {[1m[33m1[39m[22m} {[1m[33m2[39m[22m}[1m[32m [built][39m[22m
      | [1m./src/js/modules/_about/about.js[39m[22m 1.81 KiB[1m[32m [built][39m[22m
      | [1m../cmi-common/src/js/modules/_util/driver.js[39m[22m 7.75 KiB[1m[32m [built][39m[22m
      | [1m./src/js/modules/_util/driver.js[39m[22m 7.84 KiB[1m[32m [built][39m[22m
[145] [1mmulti ./src/js/transcript.js[39m[22m 28 bytes {[1m[33m2[39m[22m}[1m[32m [built][39m[22m
[305] [1mmulti ./src/js/page.js[39m[22m 28 bytes {[1m[33m1[39m[22m}[1m[32m [built][39m[22m
[306] [1m./src/js/transcript.js + 6 modules[39m[22m 33 KiB {[1m[33m2[39m[22m}[1m[32m [built][39m[22m
      | [1m./src/js/transcript.js[39m[22m 1.07 KiB[1m[32m [built][39m[22m
      | [1m../cmi-common/src/js/modules/_audio/audio.js[39m[22m 1.34 KiB[1m[32m [built][39m[22m
      | [1m../cmi-common/src/js/modules/_audio/mediaelement.js[39m[22m 6.73 KiB[1m[32m [built][39m[22m
      | [1m../cmi-common/src/js/modules/_audio/capture.js[39m[22m 14.7 KiB[1m[32m [built][39m[22m
      | [1m../cmi-common/src/js/modules/_audio/focus.js[39m[22m 7.75 KiB[1m[32m [built][39m[22m
      | [1m../cmi-common/src/js/modules/_ajax/audio.js[39m[22m 603 bytes[1m[32m [built][39m[22m
      | [1m../cmi-common/src/js/modules/_audio/captureData.js[39m[22m 772 bytes[1m[32m [built][39m[22m
[307] [1m./src/js/page.js + 5 modules[39m[22m 14.9 KiB {[1m[33m1[39m[22m}[1m[32m [built][39m[22m
      | [1m./src/js/page.js[39m[22m 1.11 KiB[1m[32m [built][39m[22m
      | [1m../cmi-common/src/js/modules/_topics/events.js[39m[22m 5.38 KiB[1m[32m [built][39m[22m
      | [1m../cmi-common/src/js/modules/_topics/randomQuote.js[39m[22m 2.41 KiB[1m[32m [built][39m[22m
      | [1m../cmi-common/src/js/modules/_topics/share.js[39m[22m 4.74 KiB[1m[32m [built][39m[22m
      | [1m../cmi-common/src/js/modules/_topics/styles.js[39m[22m 414 bytes[1m[32m [built][39m[22m
      | [1m../cmi-common/src/js/modules/_topics/message.js[39m[22m 766 bytes[1m[32m [built][39m[22m
    + 300 hidden modules

[1m[33mWARNING in asset size limit: The following asset(s) exceed the recommended size limit (244 KiB).
This can impact web performance.
Assets: 
  vendors~page~transcript.js (655 KiB)[39m[22m

[1m[33mWARNING in entrypoint size limit: The following entrypoint(s) combined asset size exceeds the recommended limit (244 KiB). This can impact web performance.
Entrypoints:
  transcript (800 KiB)
      vendors~page~transcript.js
      vendors~transcript.js
      transcript.js
  page (790 KiB)
      vendors~page~transcript.js
      page.js
[39m[22m

[1m[33mWARNING in webpack performance recommendations: 
You can limit the size of your bundles by using import() or require.ensure to lazy load some parts of your application.
For more info visit https://webpack.js.org/guides/code-splitting/[39m[22m
building webpack for cmi-raj

> cmi-raj@0.1.0 base:prod:webpack
> webpack --mode production

Hash: [1md47221fe85ee616874eb[39m[22m
Version: webpack [1m4.42.1[39m[22m
Time: [1m1655[39m[22mms
Built at: 04/21/2023 [1m9:05:00 PM[39m[22m
                     [1mAsset[39m[22m      [1mSize[39m[22m  [1mChunks[39m[22m  [1m[39m[22m           [1m[39m[22m       [1mChunk Names[39m[22m
                   [1m[32mpage.js[39m[22m   159 KiB       [1m1[39m[22m  [1m[32m[emitted][39m[22m         page
             [1m[32mtranscript.js[39m[22m   161 KiB       [1m2[39m[22m  [1m[32m[emitted][39m[22m         transcript
[1m[33mvendors~page~transcript.js[39m[22m   [1m[33m655 KiB[39m[22m       [1m0[39m[22m  [1m[32m[emitted][39m[22m  [1m[33m[big][39m[22m  vendors~page~transcript
     [1m[32mvendors~transcript.js[39m[22m  7.64 KiB       [1m3[39m[22m  [1m[32m[emitted][39m[22m         vendors~transcript
Entrypoint [1mtranscript[39m[22m [1m[33m[big][39m[22m = [1m[32mvendors~page~transcript.js[39m[22m [1m[32mvendors~transcript.js[39m[22m [1m[32mtranscript.js[39m[22m
Entrypoint [1mpage[39m[22m [1m[33m[big][39m[22m = [1m[32mvendors~page~transcript.js[39m[22m [1m[32mpage.js[39m[22m
  [4] [1m../cmi-common/src/js/modules/_util/store.js[39m[22m 3.62 KiB {[1m[33m1[39m[22m} {[1m[33m2[39m[22m}[1m[32m [built][39m[22m
  [5] [1m../cmi-common/src/js/modules/_user/netlify.js[39m[22m 4.3 KiB {[1m[33m1[39m[22m} {[1m[33m2[39m[22m}[1m[32m [built][39m[22m
  [9] [1m../cmi-common/src/js/modules/_util/url.js[39m[22m 3.69 KiB {[1m[33m1[39m[22m} {[1m[33m2[39m[22m}[1m[32m [built][39m[22m
 [11] [1m./src/js/modules/_config/config.js + 2 modules[39m[22m 6.27 KiB {[1m[33m1[39m[22m} {[1m[33m2[39m[22m}[1m[32m [built][39m[22m
      | [1m./src/js/modules/_config/config.js[39m[22m 3.76 KiB[1m[32m [built][39m[22m
      | [1m../cmi-common/src/js/modules/_ajax/config.js[39m[22m 1.66 KiB[1m[32m [built][39m[22m
      | [1m./src/js/modules/_config/status.js[39m[22m 857 bytes[1m[32m [built][39m[22m
 [33] [1m./src/js/constants.js[39m[22m 1.52 KiB {[1m[33m1[39m[22m} {[1m[33m2[39m[22m}[1m[32m [built][39m[22m
 [38] [1m../cmi-common/src/js/modules/_page/startup.js[39m[22m 4.77 KiB {[1m[33m1[39m[22m} {[1m[33m2[39m[22m}[1m[32m [built][39m[22m
 [39] [1m./src/js/modules/_contents/toc.js[39m[22m 7.73 KiB {[1m[33m1[39m[22m} {[1m[33m2[39m[22m}[1m[32m [built][39m[22m
 [46] [1m./src/js/modules/_search/search.js[39m[22m 1.75 KiB {[1m[33m1[39m[22m} {[1m[33m2[39m[22m}[1m[32m [built][39m[22m
 [47] [1m./src/js/modules/_bookmark/start.js + 13 modules[39m[22m 153 KiB {[1m[33m1[39m[22m} {[1m[33m2[39m[22m}[1m[32m [built][39m[22m
      | [1m./src/js/modules/_bookmark/start.js[39m[22m 929 bytes[1m[32m [built][39m[22m
      | [1m../cmi-common/src/js/modules/_bookmark/shareByEmail.js[39m[22m 5.97 KiB[1m[32m [built][39m[22m
      | [1m../cmi-common/src/js/modules/_bookmark/bookmark.js[39m[22m 20.1 KiB[1m[32m [built][39m[22m
      | [1m../cmi-common/src/js/modules/_share/share.js[39m[22m 4.94 KiB[1m[32m [built][39m[22m
      | [1m../cmi-common/src/js/modules/_ajax/annotation.js[39m[22m 6.08 KiB[1m[32m [built][39m[22m
      | [1m../cmi-common/src/js/modules/_ajax/topics.js[39m[22m 912 bytes[1m[32m [built][39m[22m
      | [1m../cmi-common/src/js/modules/_user/cmi.js[39m[22m 4.01 KiB[1m[32m [built][39m[22m
      | [1m../cmi-common/src/js/modules/_bookmark/topics.js[39m[22m 8.67 KiB[1m[32m [built][39m[22m
      | [1m../cmi-common/src/js/modules/_bookmark/localStore.js[39m[22m 11.4 KiB[1m[32m [built][39m[22m
      | [1m../cmi-common/src/js/modules/_bookmark/bmnet.js[39m[22m 4.96 KiB[1m[32m [built][39m[22m
      | [1m../cmi-common/src/js/modules/_bookmark/navigator.js[39m[22m 30 KiB[1m[32m [built][39m[22m
      | [1m../cmi-common/src/js/modules/_bookmark/list.js[39m[22m 17.3 KiB[1m[32m [built][39m[22m
      | [1m../cmi-common/src/js/modules/_bookmark/annotate.js[39m[22m 27.8 KiB[1m[32m [built][39m[22m
      | [1m../cmi-common/src/js/modules/_bookmark/selection.js[39m[22m 9.63 KiB[1m[32m [built][39m[22m
 [48] [1m../cmi-common/src/js/modules/_search/search.js + 4 modules[39m[22m 43.3 KiB {[1m[33m1[39m[22m} {[1m[33m2[39m[22m}[1m[32m [built][39m[22m
      | [1m../cmi-common/src/js/modules/_search/search.js[39m[22m 18.1 KiB[1m[32m [built][39m[22m
      | [1m../cmi-common/src/js/modules/_ajax/search.js[39m[22m 341 bytes[1m[32m [built][39m[22m
      | [1m../cmi-common/src/js/modules/_ajax/searchResults.js[39m[22m 2.03 KiB[1m[32m [built][39m[22m
      | [1m../cmi-common/src/js/modules/_search/show.js[39m[22m 7.97 KiB[1m[32m [built][39m[22m
      | [1m../cmi-common/src/js/modules/_search/navigator.js[39m[22m 14.9 KiB[1m[32m [built][39m[22m
 [49] [1m./src/js/modules/_about/about.js + 2 modules[39m[22m 17.7 KiB {[1m[33m1[39m[22m} {[1m[33m2[39m[22m}[1m[32m [built][39m[22m
      | [1m./src/js/modules/_about/about.js[39m[22m 1.8 KiB[1m[32m [built][39m[22m
      | [1m../cmi-common/src/js/modules/_util/driver.js[39m[22m 7.75 KiB[1m[32m [built][39m[22m
      | [1m./src/js/modules/_util/driver.js[39m[22m 8.09 KiB[1m[32m [built][39m[22m
[149] [1mmulti ./src/js/transcript.js[39m[22m 28 bytes {[1m[33m2[39m[22m}[1m[32m [built][39m[22m
[308] [1mmulti ./src/js/page.js[39m[22m 28 bytes {[1m[33m1[39m[22m}[1m[32m [built][39m[22m
[309] [1m./src/js/transcript.js + 6 modules[39m[22m 33.1 KiB {[1m[33m2[39m[22m}[1m[32m [built][39m[22m
      | [1m./src/js/transcript.js[39m[22m 1.21 KiB[1m[32m [built][39m[22m
      | [1m../cmi-common/src/js/modules/_audio/audio.js[39m[22m 1.34 KiB[1m[32m [built][39m[22m
      | [1m../cmi-common/src/js/modules/_audio/mediaelement.js[39m[22m 6.73 KiB[1m[32m [built][39m[22m
      | [1m../cmi-common/src/js/modules/_audio/capture.js[39m[22m 14.7 KiB[1m[32m [built][39m[22m
      | [1m../cmi-common/src/js/modules/_audio/focus.js[39m[22m 7.75 KiB[1m[32m [built][39m[22m
      | [1m../cmi-common/src/js/modules/_ajax/audio.js[39m[22m 603 bytes[1m[32m [built][39m[22m
      | [1m../cmi-common/src/js/modules/_audio/captureData.js[39m[22m 772 bytes[1m[32m [built][39m[22m
[310] [1m./src/js/page.js + 5 modules[39m[22m 15.1 KiB {[1m[33m1[39m[22m}[1m[32m [built][39m[22m
      | [1m./src/js/page.js[39m[22m 1.35 KiB[1m[32m [built][39m[22m
      | [1m../cmi-common/src/js/modules/_topics/events.js[39m[22m 5.38 KiB[1m[32m [built][39m[22m
      | [1m../cmi-common/src/js/modules/_topics/randomQuote.js[39m[22m 2.41 KiB[1m[32m [built][39m[22m
      | [1m../cmi-common/src/js/modules/_topics/share.js[39m[22m 4.74 KiB[1m[32m [built][39m[22m
      | [1m../cmi-common/src/js/modules/_topics/styles.js[39m[22m 414 bytes[1m[32m [built][39m[22m
      | [1m../cmi-common/src/js/modules/_topics/message.js[39m[22m 766 bytes[1m[32m [built][39m[22m
    + 303 hidden modules

[1m[33mWARNING in asset size limit: The following asset(s) exceed the recommended size limit (244 KiB).
This can impact web performance.
Assets: 
  vendors~page~transcript.js (655 KiB)[39m[22m

[1m[33mWARNING in entrypoint size limit: The following entrypoint(s) combined asset size exceeds the recommended limit (244 KiB). This can impact web performance.
Entrypoints:
  transcript (823 KiB)
      vendors~page~transcript.js
      vendors~transcript.js
      transcript.js
  page (813 KiB)
      vendors~page~transcript.js
      page.js
[39m[22m

[1m[33mWARNING in webpack performance recommendations: 
You can limit the size of your bundles by using import() or require.ensure to lazy load some parts of your application.
For more info visit https://webpack.js.org/guides/code-splitting/[39m[22m
building webpack for cmi-wom

> cmi-wom@0.1.0 base:prod:webpack
> webpack --mode production

Hash: [1mb41a552eb06e05379088[39m[22m
Version: webpack [1m4.42.1[39m[22m
Time: [1m1689[39m[22mms
Built at: 04/21/2023 [1m9:05:02 PM[39m[22m
                           [1mAsset[39m[22m      [1mSize[39m[22m  [1mChunks[39m[22m  [1m[39m[22m           [1m[39m[22m       [1mChunk Names[39m[22m
                         [1m[32mpage.js[39m[22m   161 KiB       [1m2[39m[22m  [1m[32m[emitted][39m[22m         page
                        [1m[32mtopic.js[39m[22m  53.7 KiB       [1m3[39m[22m  [1m[32m[emitted][39m[22m         topic
                   [1m[32mtranscript.js[39m[22m   171 KiB       [1m4[39m[22m  [1m[32m[emitted][39m[22m         transcript
[1m[33mvendors~page~topic~transcript.js[39m[22m   [1m[33m595 KiB[39m[22m       [1m0[39m[22m  [1m[32m[emitted][39m[22m  [1m[33m[big][39m[22m  vendors~page~topic~transcript
      [1m[32mvendors~page~transcript.js[39m[22m  62.2 KiB       [1m1[39m[22m  [1m[32m[emitted][39m[22m         vendors~page~transcript
Entrypoint [1mtranscript[39m[22m [1m[33m[big][39m[22m = [1m[32mvendors~page~topic~transcript.js[39m[22m [1m[32mvendors~page~transcript.js[39m[22m [1m[32mtranscript.js[39m[22m
Entrypoint [1mpage[39m[22m [1m[33m[big][39m[22m = [1m[32mvendors~page~topic~transcript.js[39m[22m [1m[32mvendors~page~transcript.js[39m[22m [1m[32mpage.js[39m[22m
Entrypoint [1mtopic[39m[22m [1m[33m[big][39m[22m = [1m[32mvendors~page~topic~transcript.js[39m[22m [1m[32mtopic.js[39m[22m
  [4] [1m../cmi-common/src/js/modules/_util/store.js[39m[22m 3.62 KiB {[1m[33m2[39m[22m} {[1m[33m3[39m[22m} {[1m[33m4[39m[22m}[1m[32m [built][39m[22m
  [5] [1m../cmi-common/src/js/modules/_user/netlify.js[39m[22m 4.3 KiB {[1m[33m2[39m[22m} {[1m[33m3[39m[22m} {[1m[33m4[39m[22m}[1m[32m [built][39m[22m
  [9] [1m../cmi-common/src/js/modules/_util/url.js[39m[22m 3.69 KiB {[1m[33m2[39m[22m} {[1m[33m3[39m[22m} {[1m[33m4[39m[22m}[1m[32m [built][39m[22m
 [11] [1m./src/js/modules/_config/config.js + 2 modules[39m[22m 7.56 KiB {[1m[33m2[39m[22m} {[1m[33m3[39m[22m} {[1m[33m4[39m[22m}[1m[32m [built][39m[22m
      | [1m./src/js/modules/_config/config.js[39m[22m 5.6 KiB[1m[32m [built][39m[22m
      | [1m../cmi-common/src/js/modules/_ajax/config.js[39m[22m 1.66 KiB[1m[32m [built][39m[22m
      | [1m./src/js/modules/_config/status.js[39m[22m 298 bytes[1m[32m [built][39m[22m
 [19] [1m./src/js/constants.js[39m[22m 1.2 KiB {[1m[33m2[39m[22m} {[1m[33m3[39m[22m} {[1m[33m4[39m[22m}[1m[32m [built][39m[22m
 [27] [1m./src/js/modules/_contents/toc.js[39m[22m 5.93 KiB {[1m[33m2[39m[22m} {[1m[33m3[39m[22m} {[1m[33m4[39m[22m}[1m[32m [built][39m[22m
 [29] [1m../cmi-common/src/js/modules/_page/startup.js[39m[22m 4.77 KiB {[1m[33m2[39m[22m} {[1m[33m3[39m[22m} {[1m[33m4[39m[22m}[1m[32m [built][39m[22m
 [34] [1m./src/js/modules/_search/search.js[39m[22m 1.79 KiB {[1m[33m2[39m[22m} {[1m[33m3[39m[22m} {[1m[33m4[39m[22m}[1m[32m [built][39m[22m
 [35] [1m../cmi-common/src/js/modules/_search/search.js + 4 modules[39m[22m 43.3 KiB {[1m[33m2[39m[22m} {[1m[33m3[39m[22m} {[1m[33m4[39m[22m}[1m[32m [built][39m[22m
      | [1m../cmi-common/src/js/modules/_search/search.js[39m[22m 18.1 KiB[1m[32m [built][39m[22m
      | [1m../cmi-common/src/js/modules/_ajax/search.js[39m[22m 341 bytes[1m[32m [built][39m[22m
      | [1m../cmi-common/src/js/modules/_ajax/searchResults.js[39m[22m 2.03 KiB[1m[32m [built][39m[22m
      | [1m../cmi-common/src/js/modules/_search/show.js[39m[22m 7.97 KiB[1m[32m [built][39m[22m
      | [1m../cmi-common/src/js/modules/_search/navigator.js[39m[22m 14.9 KiB[1m[32m [built][39m[22m
[154] [1mmulti ./src/js/transcript.js[39m[22m 28 bytes {[1m[33m4[39m[22m}[1m[32m [built][39m[22m
[328] [1mmulti ./src/js/page.js[39m[22m 28 bytes {[1m[33m2[39m[22m}[1m[32m [built][39m[22m
[329] [1mmulti ./src/js/topic.js[39m[22m 28 bytes {[1m[33m3[39m[22m}[1m[32m [built][39m[22m
[330] [1m./src/js/transcript.js + 7 modules[39m[22m 33.9 KiB {[1m[33m4[39m[22m}[1m[32m [built][39m[22m
      | [1m./src/js/transcript.js[39m[22m 1.74 KiB[1m[32m [built][39m[22m
      | [1m../cmi-common/src/js/modules/_audio/audio.js[39m[22m 1.34 KiB[1m[32m [built][39m[22m
      | [1m../cmi-common/src/js/modules/_video/acq.js[39m[22m 221 bytes[1m[32m [built][39m[22m
      | [1m../cmi-common/src/js/modules/_audio/mediaelement.js[39m[22m 6.73 KiB[1m[32m [built][39m[22m
      | [1m../cmi-common/src/js/modules/_audio/capture.js[39m[22m 14.7 KiB[1m[32m [built][39m[22m
      | [1m../cmi-common/src/js/modules/_audio/focus.js[39m[22m 7.75 KiB[1m[32m [built][39m[22m
      | [1m../cmi-common/src/js/modules/_ajax/audio.js[39m[22m 603 bytes[1m[32m [built][39m[22m
      | [1m../cmi-common/src/js/modules/_audio/captureData.js[39m[22m 772 bytes[1m[32m [built][39m[22m
[331] [1m./src/js/page.js + 5 modules[39m[22m 15.4 KiB {[1m[33m2[39m[22m}[1m[32m [built][39m[22m
      | [1m./src/js/page.js[39m[22m 1.66 KiB[1m[32m [built][39m[22m
      | [1m../cmi-common/src/js/modules/_topics/events.js[39m[22m 5.38 KiB[1m[32m [built][39m[22m
      | [1m../cmi-common/src/js/modules/_topics/randomQuote.js[39m[22m 2.41 KiB[1m[32m [built][39m[22m
      | [1m../cmi-common/src/js/modules/_topics/share.js[39m[22m 4.74 KiB[1m[32m [built][39m[22m
      | [1m../cmi-common/src/js/modules/_topics/styles.js[39m[22m 414 bytes[1m[32m [built][39m[22m
      | [1m../cmi-common/src/js/modules/_topics/message.js[39m[22m 766 bytes[1m[32m [built][39m[22m
[332] [1m./src/js/topic.js + 2 modules[39m[22m 4.81 KiB {[1m[33m3[39m[22m}[1m[32m [built][39m[22m
      | [1m./src/js/topic.js[39m[22m 1020 bytes[1m[32m [built][39m[22m
      | [1m../cmi-common/src/js/modules/_topics/topics.js[39m[22m 3.13 KiB[1m[32m [built][39m[22m
      | [1m../cmi-common/src/js/modules/_util/frontMatter.js[39m[22m 649 bytes[1m[32m [built][39m[22m
    + 325 hidden modules

[1m[33mWARNING in asset size limit: The following asset(s) exceed the recommended size limit (244 KiB).
This can impact web performance.
Assets: 
  vendors~page~topic~transcript.js (595 KiB)[39m[22m

[1m[33mWARNING in entrypoint size limit: The following entrypoint(s) combined asset size exceeds the recommended limit (244 KiB). This can impact web performance.
Entrypoints:
  transcript (828 KiB)
      vendors~page~topic~transcript.js
      vendors~page~transcript.js
      transcript.js
  page (818 KiB)
      vendors~page~topic~transcript.js
      vendors~page~transcript.js
      page.js
  topic (649 KiB)
      vendors~page~topic~transcript.js
      topic.js
[39m[22m

[1m[33mWARNING in webpack performance recommendations: 
You can limit the size of your bundles by using import() or require.ensure to lazy load some parts of your application.
For more info visit https://webpack.js.org/guides/code-splitting/[39m[22m
building webpack for cmi-pwom

> cmi-pwom@0.1.0 base:prod:webpack
> webpack --mode production

Hash: [1m844f849a3d1d808a4b56[39m[22m
Version: webpack [1m4.43.0[39m[22m
Time: [1m1732[39m[22mms
Built at: 04/21/2023 [1m9:05:05 PM[39m[22m
                     [1mAsset[39m[22m      [1mSize[39m[22m  [1mChunks[39m[22m  [1m[39m[22m           [1m[39m[22m       [1mChunk Names[39m[22m
                   [1m[32mpage.js[39m[22m   166 KiB       [1m1[39m[22m  [1m[32m[emitted][39m[22m         page
             [1m[32mtranscript.js[39m[22m   169 KiB       [1m2[39m[22m  [1m[32m[emitted][39m[22m         transcript
[1m[33mvendors~page~transcript.js[39m[22m   [1m[33m655 KiB[39m[22m       [1m0[39m[22m  [1m[32m[emitted][39m[22m  [1m[33m[big][39m[22m  vendors~page~transcript
     [1m[32mvendors~transcript.js[39m[22m  7.64 KiB       [1m3[39m[22m  [1m[32m[emitted][39m[22m         vendors~transcript
Entrypoint [1mtranscript[39m[22m [1m[33m[big][39m[22m = [1m[32mvendors~page~transcript.js[39m[22m [1m[32mvendors~transcript.js[39m[22m [1m[32mtranscript.js[39m[22m
Entrypoint [1mpage[39m[22m [1m[33m[big][39m[22m = [1m[32mvendors~page~transcript.js[39m[22m [1m[32mpage.js[39m[22m
  [0] [1m../cmi-common/src/js/modules/_language/lang.js[39m[22m 2.82 KiB {[1m[33m1[39m[22m} {[1m[33m2[39m[22m}[1m[32m [built][39m[22m
  [4] [1m../cmi-common/src/js/modules/_util/store.js[39m[22m 3.62 KiB {[1m[33m1[39m[22m} {[1m[33m2[39m[22m}[1m[32m [built][39m[22m
  [5] [1m../cmi-common/src/js/modules/_user/netlify.js[39m[22m 4.3 KiB {[1m[33m1[39m[22m} {[1m[33m2[39m[22m}[1m[32m [built][39m[22m
  [9] [1m../cmi-common/src/js/modules/_util/url.js[39m[22m 3.69 KiB {[1m[33m1[39m[22m} {[1m[33m2[39m[22m}[1m[32m [built][39m[22m
 [12] [1m./src/js/modules/_config/config.js + 2 modules[39m[22m 6.42 KiB {[1m[33m1[39m[22m} {[1m[33m2[39m[22m}[1m[32m [built][39m[22m
      | [1m./src/js/modules/_config/config.js[39m[22m 4.41 KiB[1m[32m [built][39m[22m
      | [1m../cmi-common/src/js/modules/_ajax/config.js[39m[22m 1.66 KiB[1m[32m [built][39m[22m
      | [1m./src/js/modules/_config/status.js[39m[22m 341 bytes[1m[32m [built][39m[22m
 [15] [1m./src/js/constants.js[39m[22m 1.16 KiB {[1m[33m1[39m[22m} {[1m[33m2[39m[22m}[1m[32m [built][39m[22m
 [38] [1m../cmi-common/src/js/modules/_page/startup.js[39m[22m 4.77 KiB {[1m[33m1[39m[22m} {[1m[33m2[39m[22m}[1m[32m [built][39m[22m
 [39] [1m./src/js/modules/_contents/toc.js[39m[22m 5.86 KiB {[1m[33m1[39m[22m} {[1m[33m2[39m[22m}[1m[32m [built][39m[22m
 [46] [1m../cmi-common/src/js/modules/_util/facebook.js[39m[22m 342 bytes {[1m[33m1[39m[22m} {[1m[33m2[39m[22m}[1m[32m [built][39m[22m
 [47] [1m../cmi-common/src/js/modules/_page/notes.js[39m[22m 1.59 KiB {[1m[33m1[39m[22m} {[1m[33m2[39m[22m}[1m[32m [built][39m[22m
 [48] [1m./src/js/modules/_search/search.js[39m[22m 1.87 KiB {[1m[33m1[39m[22m} {[1m[33m2[39m[22m}[1m[32m [built][39m[22m
[152] [1mmulti ./src/js/transcript.js[39m[22m 28 bytes {[1m[33m2[39m[22m}[1m[32m [built][39m[22m
[311] [1mmulti ./src/js/page.js[39m[22m 28 bytes {[1m[33m1[39m[22m}[1m[32m [built][39m[22m
[312] [1m./src/js/transcript.js + 8 modules[39m[22m 35.2 KiB {[1m[33m2[39m[22m}[1m[32m [built][39m[22m
      | [1m./src/js/transcript.js[39m[22m 1.62 KiB[1m[32m [built][39m[22m
      | [1m../cmi-common/src/js/modules/_video/acq.js[39m[22m 221 bytes[1m[32m [built][39m[22m
      | [1m../cmi-common/src/js/modules/_audio/audio.js[39m[22m 1.34 KiB[1m[32m [built][39m[22m
      | [1m./src/js/modules/_forms/contact.js[39m[22m 1.46 KiB[1m[32m [built][39m[22m
      | [1m../cmi-common/src/js/modules/_audio/mediaelement.js[39m[22m 6.73 KiB[1m[32m [built][39m[22m
      | [1m../cmi-common/src/js/modules/_audio/capture.js[39m[22m 14.7 KiB[1m[32m [built][39m[22m
      | [1m../cmi-common/src/js/modules/_audio/focus.js[39m[22m 7.75 KiB[1m[32m [built][39m[22m
      | [1m../cmi-common/src/js/modules/_ajax/audio.js[39m[22m 603 bytes[1m[32m [built][39m[22m
      | [1m../cmi-common/src/js/modules/_audio/captureData.js[39m[22m 772 bytes[1m[32m [built][39m[22m
[313] [1m./src/js/page.js + 5 modules[39m[22m 15.4 KiB {[1m[33m1[39m[22m}[1m[32m [built][39m[22m
      | [1m./src/js/page.js[39m[22m 1.66 KiB[1m[32m [built][39m[22m
      | [1m../cmi-common/src/js/modules/_topics/events.js[39m[22m 5.38 KiB[1m[32m [built][39m[22m
      | [1m../cmi-common/src/js/modules/_topics/randomQuote.js[39m[22m 2.41 KiB[1m[32m [built][39m[22m
      | [1m../cmi-common/src/js/modules/_topics/share.js[39m[22m 4.74 KiB[1m[32m [built][39m[22m
      | [1m../cmi-common/src/js/modules/_topics/styles.js[39m[22m 414 bytes[1m[32m [built][39m[22m
      | [1m../cmi-common/src/js/modules/_topics/message.js[39m[22m 766 bytes[1m[32m [built][39m[22m
    + 306 hidden modules

[1m[33mWARNING in asset size limit: The following asset(s) exceed the recommended size limit (244 KiB).
This can impact web performance.
Assets: 
  vendors~page~transcript.js (655 KiB)[39m[22m

[1m[33mWARNING in entrypoint size limit: The following entrypoint(s) combined asset size exceeds the recommended limit (244 KiB). This can impact web performance.
Entrypoints:
  transcript (831 KiB)
      vendors~page~transcript.js
      vendors~transcript.js
      transcript.js
  page (821 KiB)
      vendors~page~transcript.js
      page.js
[39m[22m

[1m[33mWARNING in webpack performance recommendations: 
You can limit the size of your bundles by using import() or require.ensure to lazy load some parts of your application.
For more info visit https://webpack.js.org/guides/code-splitting/[39m[22m
building webpack for cmi-www

> cmi-www@0.1.0 base:prod:webpack
> webpack --mode production

Hash: [1md9e33eda9a7a45632162[39m[22m
Version: webpack [1m4.42.1[39m[22m
Time: [1m1337[39m[22mms
Built at: 04/21/2023 [1m9:05:07 PM[39m[22m
                             [1mAsset[39m[22m      [1mSize[39m[22m  [1mChunks[39m[22m  [1m[39m[22m           [1m[39m[22m       [1mChunk Names[39m[22m
                           [1m[32mpage.js[39m[22m  2.41 KiB       [1m2[39m[22m  [1m[32m[emitted][39m[22m         page
                [1m[32mpage~transcript.js[39m[22m  18.6 KiB       [1m1[39m[22m  [1m[32m[emitted][39m[22m         page~transcript
                        [1m[32mprofile.js[39m[22m  91.9 KiB    [1m3, 1[39m[22m  [1m[32m[emitted][39m[22m         profile
                     [1m[32mtranscript.js[39m[22m  2.58 KiB       [1m4[39m[22m  [1m[32m[emitted][39m[22m         transcript
[1m[33mvendors~page~profile~transcript.js[39m[22m   [1m[33m566 KiB[39m[22m       [1m0[39m[22m  [1m[32m[emitted][39m[22m  [1m[33m[big][39m[22m  vendors~page~profile~transcript
                [1m[32mvendors~profile.js[39m[22m  44.7 KiB       [1m5[39m[22m  [1m[32m[emitted][39m[22m         vendors~profile
Entrypoint [1mtranscript[39m[22m [1m[33m[big][39m[22m = [1m[32mvendors~page~profile~transcript.js[39m[22m [1m[32mpage~transcript.js[39m[22m [1m[32mtranscript.js[39m[22m
Entrypoint [1mpage[39m[22m [1m[33m[big][39m[22m = [1m[32mvendors~page~profile~transcript.js[39m[22m [1m[32mpage~transcript.js[39m[22m [1m[32mpage.js[39m[22m
Entrypoint [1mprofile[39m[22m [1m[33m[big][39m[22m = [1m[32mvendors~page~profile~transcript.js[39m[22m [1m[32mvendors~profile.js[39m[22m [1m[32mprofile.js[39m[22m
  [4] [1m../cmi-common/src/js/modules/_util/store.js[39m[22m 3.62 KiB {[1m[33m1[39m[22m} {[1m[33m3[39m[22m}[1m[32m [built][39m[22m
  [6] [1m../cmi-common/src/js/modules/_user/netlify.js[39m[22m 4.3 KiB {[1m[33m1[39m[22m} {[1m[33m3[39m[22m}[1m[32m [built][39m[22m
  [8] [1m./src/js/modules/_config/config.js + 2 modules[39m[22m 4.51 KiB {[1m[33m1[39m[22m} {[1m[33m3[39m[22m}[1m[32m [built][39m[22m
      | [1m./src/js/modules/_config/config.js[39m[22m 2.73 KiB[1m[32m [built][39m[22m
      | [1m../cmi-common/src/js/modules/_ajax/config.js[39m[22m 1.66 KiB[1m[32m [built][39m[22m
      | [1m./src/js/modules/_config/status.js[39m[22m 107 bytes[1m[32m [built][39m[22m
 [13] [1m../cmi-common/src/js/modules/_language/lang.js[39m[22m 2.82 KiB {[1m[33m1[39m[22m} {[1m[33m3[39m[22m}[1m[32m [built][39m[22m
 [15] [1m../cmi-common/src/js/modules/_page/startup.js[39m[22m 4.77 KiB {[1m[33m1[39m[22m} {[1m[33m3[39m[22m}[1m[32m [built][39m[22m
 [17] [1m./src/js/modules/_contents/toc.js[39m[22m 5 KiB {[1m[33m1[39m[22m} {[1m[33m3[39m[22m}[1m[32m [built][39m[22m
 [18] [1m./src/js/constants.js[39m[22m 544 bytes {[1m[33m1[39m[22m} {[1m[33m3[39m[22m}[1m[32m [built][39m[22m
 [20] [1m./src/js/modules/_about/about.js + 2 modules[39m[22m 18.5 KiB {[1m[33m1[39m[22m} {[1m[33m3[39m[22m}[1m[32m [built][39m[22m
      | [1m./src/js/modules/_about/about.js[39m[22m 1.39 KiB[1m[32m [built][39m[22m
      | [1m./src/js/modules/_util/intro.js[39m[22m 9.35 KiB[1m[32m [built][39m[22m
      | [1m../cmi-common/src/js/modules/_util/driver.js[39m[22m 7.75 KiB[1m[32m [built][39m[22m
 [26] [1m../cmi-common/src/js/modules/_util/url.js[39m[22m 3.69 KiB {[1m[33m1[39m[22m} {[1m[33m3[39m[22m}[1m[32m [built][39m[22m
 [73] [1mmulti ./src/js/transcript.js[39m[22m 28 bytes {[1m[33m4[39m[22m}[1m[32m [built][39m[22m
 [94] [1mmulti ./src/js/page.js[39m[22m 28 bytes {[1m[33m2[39m[22m}[1m[32m [built][39m[22m
 [95] [1mmulti ./src/js/profile.js[39m[22m 28 bytes {[1m[33m3[39m[22m}[1m[32m [built][39m[22m
[204] [1m./src/js/profile.js + 10 modules[39m[22m 58.1 KiB {[1m[33m3[39m[22m}[1m[32m [built][39m[22m
      | [1m./src/js/profile.js[39m[22m 876 bytes[1m[32m [built][39m[22m
      | [1m./src/js/modules/_user/email.js[39m[22m 5.48 KiB[1m[32m [built][39m[22m
      | [1m./src/js/modules/_user/topicmgr.js[39m[22m 34 KiB[1m[32m [built][39m[22m
      | [1m../cmi-common/src/js/modules/_ajax/share.js[39m[22m 903 bytes[1m[32m [built][39m[22m
      | [1m../cmi-common/src/js/modules/_util/sanitize.js[39m[22m 137 bytes[1m[32m [built][39m[22m
      | [1m../cmi-common/src/js/modules/_ajax/topics.js[39m[22m 912 bytes[1m[32m [built][39m[22m
      | [1m../cmi-common/src/js/modules/_ajax/annotation.js[39m[22m 6.08 KiB[1m[32m [built][39m[22m
      | [1m../cmi-common/src/js/modules/_ajax/quotes.js[39m[22m 2.06 KiB[1m[32m [built][39m[22m
      | [1m../cmi-common/src/js/modules/_user/cmi.js[39m[22m 4.01 KiB[1m[32m [built][39m[22m
      | [1m./src/js/modules/_user/source.js[39m[22m 3.25 KiB[1m[32m [built][39m[22m
      | [1m../cmi-common/src/js/globals.js[39m[22m 420 bytes[1m[32m [built][39m[22m
[205] [1m./src/js/transcript.js + 2 modules[39m[22m 2.72 KiB {[1m[33m4[39m[22m}[1m[32m [built][39m[22m
      | [1m./src/js/transcript.js[39m[22m 1010 bytes[1m[32m [built][39m[22m
      | [1m../cmi-common/src/js/modules/_video/acq.js[39m[22m 221 bytes[1m[32m [built][39m[22m
      | [1m./src/js/modules/_forms/contact.js[39m[22m 1.47 KiB[1m[32m [built][39m[22m
[206] [1m./src/js/page.js + 1 modules[39m[22m 2.02 KiB {[1m[33m2[39m[22m}[1m[32m [built][39m[22m
      | [1m./src/js/page.js[39m[22m 721 bytes[1m[32m [built][39m[22m
      | [1m./src/js/modules/_forms/subscribe.js[39m[22m 1.28 KiB[1m[32m [built][39m[22m
    + 193 hidden modules

[1m[33mWARNING in asset size limit: The following asset(s) exceed the recommended size limit (244 KiB).
This can impact web performance.
Assets: 
  vendors~page~profile~transcript.js (566 KiB)[39m[22m

[1m[33mWARNING in entrypoint size limit: The following entrypoint(s) combined asset size exceeds the recommended limit (244 KiB). This can impact web performance.
Entrypoints:
  transcript (587 KiB)
      vendors~page~profile~transcript.js
      page~transcript.js
      transcript.js
  page (587 KiB)
      vendors~page~profile~transcript.js
      page~transcript.js
      page.js
  profile (702 KiB)
      vendors~page~profile~transcript.js
      vendors~profile.js
      profile.js
[39m[22m

[1m[33mWARNING in webpack performance recommendations: 
You can limit the size of your bundles by using import() or require.ensure to lazy load some parts of your application.
For more info visit https://webpack.js.org/guides/code-splitting/[39m[22m
-------- webpack complete -----------
building jekyll for cmi-acim

> cmi-acim@0.1.0 base:prod:jekyll
> JEKYLL_ENV=production bundle exec jekyll build --config ./_config.prod.yml

Configuration file: /Users/rmercer/Projects/cmi/site/sources/cmi-acim/_config.prod.yml
            Source: /Users/rmercer/Projects/cmi/site/sources/cmi-acim
       Destination: /Users/rmercer/Projects/cmi/site/sources/cmi-www/t/acim
 Incremental build: disabled. Enable with --incremental
      Generating... 
                    done in 0.507 seconds.
 Auto-regeneration: disabled. Use --watch to enable.
building jekyll for cmi-oe

> cmi-oe@0.1.0 base:prod:jekyll
> JEKYLL_ENV=production bundle exec jekyll build --config ./_config.prod.yml

Configuration file: /Users/rmercer/Projects/cmi/site/sources/cmi-oe/_config.prod.yml
            Source: /Users/rmercer/Projects/cmi/site/sources/cmi-oe
       Destination: /Users/rmercer/Projects/cmi/site/sources/cmi-www/t/acimoe
 Incremental build: disabled. Enable with --incremental
      Generating... 
                    done in 0.76 seconds.
 Auto-regeneration: disabled. Use --watch to enable.
building jekyll for cmi-col

> cmi-col@0.1.0 base:prod:jekyll
> JEKYLL_ENV=production bundle exec jekyll build --config ./_config.prod.yml

Configuration file: /Users/rmercer/Projects/cmi/site/sources/cmi-col/_config.prod.yml
            Source: /Users/rmercer/Projects/cmi/site/sources/cmi-col
       Destination: /Users/rmercer/Projects/cmi/site/sources/cmi-www/t/col
 Incremental build: disabled. Enable with --incremental
      Generating... 
                    done in 0.217 seconds.
 Auto-regeneration: disabled. Use --watch to enable.
building jekyll for cmi-ftcm

> cmi-ftcm@0.1.0 base:prod:jekyll
> JEKYLL_ENV=production bundle exec jekyll build --config ./_config.prod.yml

Configuration file: /Users/rmercer/Projects/cmi/site/sources/cmi-ftcm/_config.prod.yml
            Source: /Users/rmercer/Projects/cmi/site/sources/cmi-ftcm
       Destination: /Users/rmercer/Projects/cmi/site/sources/cmi-www/t/ftcm
 Incremental build: disabled. Enable with --incremental
      Generating... 
                    done in 0.085 seconds.
 Auto-regeneration: disabled. Use --watch to enable.
building jekyll for cmi-acol

> cmi-acol@0.1.0 base:prod:jekyll
> JEKYLL_ENV=production bundle exec jekyll build --config ./_config.prod.yml

Configuration file: /Users/rmercer/Projects/cmi/site/sources/cmi-acol/_config.prod.yml
            Source: /Users/rmercer/Projects/cmi/site/sources/cmi-acol
       Destination: /Users/rmercer/Projects/cmi/site/sources/cmi-www/t/acol
 Incremental build: disabled. Enable with --incremental
      Generating... 
                    done in 0.155 seconds.
 Auto-regeneration: disabled. Use --watch to enable.
building jekyll for cmi-jsb

> cmi-jsb@0.1.0 base:prod:jekyll
> JEKYLL_ENV=production bundle exec jekyll build --config ./_config.prod.yml

Configuration file: /Users/rmercer/Projects/cmi/site/sources/cmi-jsb/_config.prod.yml
            Source: /Users/rmercer/Projects/cmi/site/sources/cmi-jsb
       Destination: /Users/rmercer/Projects/cmi/site/sources/cmi-www/t/jsb
 Incremental build: disabled. Enable with --incremental
      Generating... 
                    done in 0.039 seconds.
 Auto-regeneration: disabled. Use --watch to enable.
building jekyll for cmi-raj

> cmi-raj@0.1.0 base:prod:jekyll
> JEKYLL_ENV=production bundle exec jekyll build --config ./_config.prod.yml

Configuration file: /Users/rmercer/Projects/cmi/site/sources/cmi-raj/_config.prod.yml
            Source: /Users/rmercer/Projects/cmi/site/sources/cmi-raj
       Destination: /Users/rmercer/Projects/cmi/site/sources/cmi-www/t/raj
 Incremental build: disabled. Enable with --incremental
      Generating... 
                    done in 0.809 seconds.
 Auto-regeneration: disabled. Use --watch to enable.
building jekyll for cmi-wom

> cmi-wom@0.1.0 base:prod:jekyll
> JEKYLL_ENV=production bundle exec jekyll build --config ./_config.prod.yml

Configuration file: /Users/rmercer/Projects/cmi/site/sources/cmi-wom/_config.prod.yml
            Source: /Users/rmercer/Projects/cmi/site/sources/cmi-wom
       Destination: /Users/rmercer/Projects/cmi/site/sources/cmi-www/t/wom
 Incremental build: disabled. Enable with --incremental
      Generating... 
                    done in 0.296 seconds.
 Auto-regeneration: disabled. Use --watch to enable.
building jekyll for cmi-pwom

> cmi-pwom@0.1.0 base:prod:jekyll
> JEKYLL_ENV=production bundle exec jekyll build --config ./_config.prod.yml

Configuration file: /Users/rmercer/Projects/cmi/site/sources/cmi-pwom/_config.prod.yml
            Source: /Users/rmercer/Projects/cmi/site/sources/cmi-pwom
       Destination: /Users/rmercer/Projects/cmi/site/sources/cmi-www/t/pwom
 Incremental build: disabled. Enable with --incremental
      Generating... 
                    done in 0.235 seconds.
 Auto-regeneration: disabled. Use --watch to enable.
-------- jekyll complete -----------

Now, cd to cmi-www and run 'preview'
$ npm run preview
